26-02-19 08:18:21.609 ERROR (MainThread) [uconnect] Initial data fetch failed: 'NoneType' object is not subscriptable
2026-02-19 08:18:21.610 ERROR (MainThread) [uconnect] Unexpected error fetching uconnect data
Traceback (most recent call last):
  File "/usr/src/homeassistant/homeassistant/helpers/update_coordinator.py", line 416, in _async_refresh
    self.data = await self._async_update_data()
                ^^^^^^^^^^^^^^^^^^^^^^^^^^^^^^^
  File "/config/custom_components/uconnect/coordinator.py", line 78, in _async_update_data
    await self.hass.async_add_executor_job(self.client.refresh)
  File "/usr/local/lib/python3.13/concurrent/futures/thread.py", line 59, in run
    result = self.fn(*self.args, **self.kwargs)
  File "/usr/local/lib/python3.13/site-packages/py_uconnect/client.py", line 290, in refresh
    _update_vehicle(vehicle, info)
    ~~~~~~~~~~~~~~~^^^^^^^^^^^^^^^
  File "/usr/local/lib/python3.13/site-packages/py_uconnect/client.py", line 179, in _update_vehicle
    v.distance_to_empty = sg(batt, "distanceToEmpty", "value") or sg(
                          ~~^^^^^^^^^^^^^^^^^^^^^^^^^^^^^^^^^^
  File "/usr/local/lib/python3.13/site-packages/py_uconnect/client.py", line 36, in sg
    dct = dct[key]
          ~~~^^^^^
TypeError: 'NoneType' object is not subscriptable
2026-02-19 08:19:46.041 ERROR (MainThread) [uconnect] Initial data fetch failed: 'NoneType' object is not subscriptable
2026-02-19 08:19:46.042 ERROR (MainThread) [uconnect] Unexpected error fetching uconnect data
Traceback (most recent call last):
  File "/usr/src/homeassistant/homeassistant/helpers/update_coordinator.py", line 416, in _async_refresh
    self.data = await self._async_update_data()
                ^^^^^^^^^^^^^^^^^^^^^^^^^^^^^^^
  File "/config/custom_components/uconnect/coordinator.py", line 78, in _async_update_data
    await self.hass.async_add_executor_job(self.client.refresh)
  File "/usr/local/lib/python3.13/concurrent/futures/thread.py", line 59, in run
    result = self.fn(*self.args, **self.kwargs)
  File "/usr/local/lib/python3.13/site-packages/py_uconnect/client.py", line 290, in refresh
    _update_vehicle(vehicle, info)
    ~~~~~~~~~~~~~~~^^^^^^^^^^^^^^^
  File "/usr/local/lib/python3.13/site-packages/py_uconnect/client.py", line 179, in _update_vehicle
    v.distance_to_empty = sg(batt, "distanceToEmpty", "value") or sg(
                          ~~^^^^^^^^^^^^^^^^^^^^^^^^^^^^^^^^^^
  File "/usr/local/lib/python3.13/site-packages/py_uconnect/client.py", line 36, in sg
    dct = dct[key]
          ~~~^^^^^
TypeError: 'NoneType' object is not subscriptable
2026-02-19 08:21:10.252 ERROR (MainThread) [uconnect] Initial data fetch failed: 'NoneType' object is not subscriptable
2026-02-19 08:21:10.253 ERROR (MainThread) [uconnect] Unexpected error fetching uconnect data
Traceback (most recent call last):
  File "/usr/src/homeassistant/homeassistant/helpers/update_coordinator.py", line 416, in _async_refresh
    self.data = await self._async_update_data()
                ^^^^^^^^^^^^^^^^^^^^^^^^^^^^^^^
  File "/config/custom_components/uconnect/coordinator.py", line 78, in _async_update_data
    await self.hass.async_add_executor_job(self.client.refresh)
  File "/usr/local/lib/python3.13/concurrent/futures/thread.py", line 59, in run
    result = self.fn(*self.args, **self.kwargs)
  File "/usr/local/lib/python3.13/site-packages/py_uconnect/client.py", line 290, in refresh
    _update_vehicle(vehicle, info)
    ~~~~~~~~~~~~~~~^^^^^^^^^^^^^^^
  File "/usr/local/lib/python3.13/site-packages/py_uconnect/client.py", line 179, in _update_vehicle
    v.distance_to_empty = sg(batt, "distanceToEmpty", "value") or sg(
                          ~~^^^^^^^^^^^^^^^^^^^^^^^^^^^^^^^^^^
  File "/usr/local/lib/python3.13/site-packages/py_uconnect/client.py", line 36, in sg
    dct = dct[key]
          ~~~^^^^^
TypeError: 'NoneType' object is not subscriptable
2026-02-19 08:22:34.943 ERROR (MainThread) [uconnect] Initial data fetch failed: 'NoneType' object is not subscriptable
2026-02-19 08:22:34.944 ERROR (MainThread) [uconnect] Unexpected error fetching uconnect data
Traceback (most recent call last):
  File "/usr/src/homeassistant/homeassistant/helpers/update_coordinator.py", line 416, in _async_refresh
    self.data = await self._async_update_data()
                ^^^^^^^^^^^^^^^^^^^^^^^^^^^^^^^
  File "/config/custom_components/uconnect/coordinator.py", line 78, in _async_update_data
    await self.hass.async_add_executor_job(self.client.refresh)
  File "/usr/local/lib/python3.13/concurrent/futures/thread.py", line 59, in run
    result = self.fn(*self.args, **self.kwargs)
  File "/usr/local/lib/python3.13/site-packages/py_uconnect/client.py", line 290, in refresh
    _update_vehicle(vehicle, info)
    ~~~~~~~~~~~~~~~^^^^^^^^^^^^^^^
  File "/usr/local/lib/python3.13/site-packages/py_uconnect/client.py", line 179, in _update_vehicle
    v.distance_to_empty = sg(batt, "distanceToEmpty", "value") or sg(
                          ~~^^^^^^^^^^^^^^^^^^^^^^^^^^^^^^^^^^
  File "/usr/local/lib/python3.13/site-packages/py_uconnect/client.py", line 36, in sg
    dct = dct[key]
          ~~~^^^^^
TypeError: 'NoneType' object is not subscriptable
2026-02-19 08:23:01.634 DEBUG (SyncWorker_3) [py_uconnect] Login: accounts.webSdkBootstrap: {
  "callId": "019c74c7de4977c8af8c7d9b713154ae",
  "errorCode": 0,
  "apiVersion": 2,
  "statusCode": 200,
  "statusReason": "OK",
  "time": "2026-02-19T07:23:01.601Z",
  "hasGmid": "ver4"
}
2026-02-19 08:23:01.954 DEBUG (SyncWorker_3) [py_uconnect] Login: accounts.login: {
  "callId": "019c74c7dea0778ab9f990917f2fe58a",
  "errorCode": 0,
  "apiVersion": 2,
  "statusCode": 200,
  "statusReason": "OK",
  "time": "2026-02-19T07:23:01.921Z",
  "registeredTimestamp": 1756236579,
  "UID": "7f8edc00b9f6491e8963f106afda53f1",
  "UIDSignature": "Zdkj5tEabcBq9mWzlUYPjGybvOw=",
  "signatureTimestamp": "1771485781",
  "created": "2025-08-26T19:29:38.882Z",
  "createdTimestamp": 1756236578,
  "data": {
    "privacyFlag": "11G142320250826CVPGSDPGreen12G142320250826CVPGSDPGreen13G142320250826CVPGSDPGreen14G142320250826CVPGSDPGreen1PF142320250826CVPGSDPGreen41G142320250826CVPGSDPGreen42G142320250826CVPGSDPGreen43G142320250826CVPGSDPGreen44G142320250826CVPGSDPGreen4VG142320250826CVPGSDPGreen",
    "CVSID": {
      "OP": "OV-ACNT200015855196",
      "AC": "AC-ACNT200014002326",
      "VX": "OV-ACNT200015855196",
      "DS": "AC-ACNT200014002326",
      "AP": "AP-ACNT200013675087"
    },
    "MigrationBatchID": "FullB_true",
    "GSDPisEmailVerified": true,
    "disclaimerCodeGSDP": "1423",
    "verificationDone": true,
    "CustomerFirstID": "001a200000VwVUeAAN",
    "applications": {
      "MyuconnectWebJeep": true,
      "MyuconnectMobileUconnect": true
    }
  },
  "subscriptions": {},
  "preferences": {
    "marketing": {
      "isConsentGranted": true,
      "docDate": "2019-04-29T00:00:00.000Z",
      "lang": "en",
      "lastConsentModified": "2025-08-26T19:29:38.988Z",
      "actionTimestamp": "2025-08-26T19:29:38.988Z",
      "tags": [],
      "customData": [],
      "entitlements": [],
      "locales": {
        "en": {
          "docDate": "2019-04-29T00:00:00.000Z"
        }
      }
    },
    "profiling": {
      "isConsentGranted": false,
      "docDate": "2019-04-29T00:00:00.000Z",
      "lang": "en",
      "lastConsentModified": "2025-08-26T19:29:38.988Z",
      "actionTimestamp": "2025-08-26T19:29:38.988Z",
      "tags": [],
      "customData": [],
      "entitlements": []
    },
    "thirdPartiesMarketing": {
      "isConsentGranted": true,
      "docDate": "2019-04-29T00:00:00.000Z",
      "lang": "en",
      "lastConsentModified": "2025-08-26T19:29:38.988Z",
      "actionTimestamp": "2025-08-26T19:29:38.988Z",
      "tags": [],
      "customData": [],
      "entitlements": [],
      "locales": {
        "en": {
          "docDate": "2019-04-29T00:00:00.000Z"
        }
      }
    },
    "thirdPartiesProfiling": {
      "isConsentGranted": true,
      "docDate": "2019-04-29T00:00:00.000Z",
      "lang": "en",
      "lastConsentModified": "2025-08-26T19:29:38.988Z",
      "actionTimestamp": "2025-08-26T19:29:38.988Z",
      "tags": [],
      "customData": [],
      "entitlements": [],
      "locales": {
        "en": {
          "docDate": "2019-04-29T00:00:00.000Z"
        }
      }
    }
  },
  "emails": {
    "verified": [
      "marek.pasecny@gmail.com"
    ],
    "unverified": []
  },
  "isActive": true,
  "isRegistered": true,
  "isVerified": true,
  "lastLogin": "2026-02-19T07:23:01.800Z",
  "lastLoginTimestamp": 1771485781,
  "lastUpdated": "2026-02-05T04:54:39.059Z",
  "lastUpdatedTimestamp": 1770267279059,
  "loginProvider": "site",
  "oldestDataUpdated": "2025-08-26T19:29:38.882Z",
  "oldestDataUpdatedTimestamp": 1756236578882,
  "profile": {
    "firstName": "Marek",
    "lastName": "Pasečný",
    "country": "CZ",
    "email": "marek.pasecny@gmail.com"
  },
  "registered": "2025-08-26T19:29:39.196Z",
  "socialProviders": "site",
  "verified": "2025-08-26T19:30:01.891Z",
  "verifiedTimestamp": 1756236601891,
  "newUser": false,
  "sessionInfo": {
    "login_token": "st2.s.AtLt6N39Sg.2yujUZHie9dHpRLYegwnUm9Za4x1MJWgxXO5JI5j-v2hGY8DBINOoALM225XRHKcasZOZdcpN_EAt6jl9fFqfQm5L55IbDXuDJVEy3sa5HQlaHMfv_yYIaBPzstTJkTR.ozyfTcgpcqGsCmFMLUH6Vs45hPPbIy2OwSWhAv-QdvxAyAoSmMdBK_ZXUo4SZfv2Nzjmg9xurPKPaY1U2EC6ug.sc3",
    "expires_in": "300"
  }
}
2026-02-19 08:23:02.192 DEBUG (SyncWorker_3) [py_uconnect] Login: accounts.getJWT: {
  "callId": "019c74c7e02c758a91d8b97c05086134",
  "errorCode": 0,
  "apiVersion": 2,
  "statusCode": 200,
  "statusReason": "OK",
  "time": "2026-02-19T07:23:02.158Z",
  "ignoredParams": [
    {
      "paramName": "loginMode",
      "warningCode": 403007,
      "message": "This parameter was not recognized as valid for this API method with your security credentials nor was it recognized as a standard Gigya control parameter."
    }
  ],
  "id_token": "eyJ0eXAiOiJKV1QiLCJhbGciOiJSUzI1NiIsImtpZCI6IlJFUTBNVVE1TjBOQ1JUSkVNemszTTBVMVJrTkRRMFUwUTBNMVJFRkJSamhETWpkRU5VRkJRZyJ9.eyJpc3MiOiJodHRwczovL2ZpZG0uZ2lneWEuY29tL2p3dC8zX1p2SnBvaVpRNGpUNUFDd291Qkc1RDFzZUdFbnRIR2hsTDBKWWxaTnRqOTV5RVJ6cXBINGZGeUlld1ZNbW1LN2ovIiwiYXBpS2V5IjoiM19adkpwb2laUTRqVDVBQ3dvdUJHNUQxc2VHRW50SEdobEwwSllsWk50ajk1eUVSenFwSDRmRnlJZXdWTW1tSzdqIiwiaWF0IjoxNzcxNDg1NzgyLCJleHAiOjE3NzE0ODYwODIsInJpc2tTY29yZSI6MC4zLCJzdWIiOiI3ZjhlZGMwMGI5ZjY0OTFlODk2M2YxMDZhZmRhNTNmMSIsInByb2ZpbGUuZmlyc3ROYW1lIjoiTWFyZWsiLCJwcm9maWxlLmxhc3ROYW1lIjoiUGFzZcSNbsO9IiwicHJvZmlsZS5lbWFpbCI6Im1hcmVrLnBhc2VjbnlAZ21haWwuY29tIiwiY291bnRyeSI6IkNaIiwibG9jYWxlIjoiY3MiLCJkYXRhLmRpc2NsYWltZXJDb2RlR1NEUCI6IjE0MjMifQ.RXcbeN_Jcgao0ExgJs7avJtXxvHwdCl1kGdc9rAJ1jNtYA6ju7UypON00ZI7sbcp2pvFCwejmv8t2C9KqM78TLGGUNhUAIo5llS78JTSrekFxx2WKSzzvbfFKNINAnGFGHKV_N1oOfeP7vcW2ciagFV0i_Ftcp2ie50B-1tf6B5edZMjVc_MG7VUgK63PdFEEm6UCU3DpvTpmMtk61PNb2Naozd5SkQLLVlAXgUWjZtG8PXpuhWVN3mT6YoXBlAOaPwUJeZeqzgJ9Ui1thsCLfap2i5VnTcru8HRn4PFBlTf77hLyRBuogLzkifVazsEAvbPc7oaGEMlgL-Yck1Qbg"
}
2026-02-19 08:23:02.611 DEBUG (SyncWorker_3) [py_uconnect] Login: obtain token: {"IdentityId":"eu-west-1:b205b817-b841-c9fc-e40c-8a974f453f02","Token":"eyJraWQiOiJldS13ZXN0LTEtOSIsInR5cCI6IkpXUyIsImFsZyI6IlJTNTEyIn0.eyJzdWIiOiJldS13ZXN0LTE6YjIwNWI4MTctYjg0MS1jOWZjLWU0MGMtOGE5NzRmNDUzZjAyIiwiYXVkIjoiZXUtd2VzdC0xOmFhNTEwZTRiLTFjZWUtNGU3NS05MWViLTljZDZkYWViMzFiNiIsImFtciI6WyJhdXRoZW50aWNhdGVkIiwiYXV0aC5jb2duaXRvLmN1c3RvbS5nc2RwLmZjYSIsImF1dGguY29nbml0by5jdXN0b20uZ3NkcC5mY2E6ZXUtd2VzdC0xOmFhNTEwZTRiLTFjZWUtNGU3NS05MWViLTljZDZkYWViMzFiNjo3ZjhlZGMwMGI5ZjY0OTFlODk2M2YxMDZhZmRhNTNmMSJdLCJpc3MiOiJodHRwczovL2NvZ25pdG8taWRlbnRpdHkuYW1hem9uYXdzLmNvbSIsImV4cCI6MTc3MTQ4NjA4MiwiaWF0IjoxNzcxNDg1NzgyfQ.iZmvBsRWV_iMDtkpklr02CUAEBXbACcy_3GDFtfv0FBNfD0-782aAPvzIoxUX49qvBYrRo6Y8iTLYHv8gzrY1NBpIgfZlp_9E9xQChTLRki6toSDF0Q5pH8mlIJ7RiuTJJ1xajl-ydgsITOQ1uG35EQ7aGfrdvkoAZ9Mj6sFOauzzoee2tFStmN8gnhyREEFXI-L5gp5Bk1biYgS6mes2zMkI8EfvZVzjazbzGWnvcBST8BgbZqZBu3ntPiZuMk-KO5yK7PNc1xWySiOQ0wz9x109dY7M_LBFD9_z-NsZ9j2lKqKwxw2K6gxhIgEJRLHNGmkXkx1aA4g2ujammCuWQ"}
2026-02-19 08:23:03.234 DEBUG (SyncWorker_3) [py_uconnect] list_vehicles: {"userid":"7f8edc00b9f6491e8963f106afda53f1","version":1770483439409,"vehicles":[{"color":"BLACK C\\/C","year":2021,"tsoBodyCode":"JL","navEnabledHU":false,"isCompanyCar":false,"radio":"","vin":"1C4JJXR66MW811502","company":"FCA","model":"688","tcuType":"2","make":"Jeep","brandCode":"57","soldRegion":"EMEA","svla":{"status":"INACTIVE","timestamp":0},"market":"CZ","modelDescription":"WRANGLER PHEV","fuelType":"H","tsoModelYear":"2021","sdp":"IGNITE","subMake":"Jeep","regStatus":"COMPLETED_STAGE_3","language":"","customerRegStatus":"Y","activationSource":"DEALER","nickname":"Wrangler Black","regTimestamp":1770483439409,"services":[{"vehicleCapable":true,"service":"RDL","serviceEnabled":false},{"vehicleCapable":true,"service":"RDU","serviceEnabled":false},{"vehicleCapable":true,"service":"ROSECUREDELIVERY","serviceEnabled":false},{"vehicleCapable":true,"service":"SQDF","serviceEnabled":true},{"vehicleCapable":false,"service":"VHSG","serviceEnabled":false},{"vehicleCapable":true,"service":"SDV","serviceEnabled":false},{"vehicleCapable":false,"service":"ASSIST","serviceEnabled":false},{"vehicleCapable":true,"service":"ROC","serviceEnabled":true},{"vehicleCapable":true,"service":"SOS","serviceEnabled":true},{"vehicleCapable":true,"service":"ASOS","serviceEnabled":true},{"vehicleCapable":true,"service":"VF","serviceEnabled":false},{"vehicleCapable":true,"service":"SVLA","serviceEnabled":false},{"vehicleCapable":false,"service":"ROCRANKINHIBITON","serviceEnabled":false},{"vehicleCapable":false,"service":"ROCRANKINHIBITOFF","serviceEnabled":false},{"vehicleCapable":false,"service":"ROLIGHTS","serviceEnabled":false},{"vehicleCapable":true,"service":"TA","serviceEnabled":false},{"vehicleCapable":true,"service":"VRC","serviceEnabled":true},{"vehicleCapable":true,"service":"DTC","serviceEnabled":false},{"vehicleCapable":true,"service":"HUC","serviceEnabled":true},{"vehicleCapable":true,"service":"AOTAC","serviceEnabled":true},{"vehicleCapable":true,"service":"UBI","serviceEnabled":true},{"vehicleCapable":true,"service":"WIFIHOTSPOT","serviceEnabled":true},{"vehicleCapable":false,"service":"IVA","serviceEnabled":false},{"vehicleCapable":false,"service":"IVAD","serviceEnabled":false},{"vehicleCapable":false,"service":"IVM","serviceEnabled":false},{"vehicleCapable":false,"service":"IVMD","serviceEnabled":false},{"vehicleCapable":false,"service":"SVCSUBMSSG","serviceEnabled":false},{"vehicleCapable":false,"service":"CONTIMAIN","serviceEnabled":false},{"vehicleCapable":true,"service":"FTD","serviceEnabled":true},{"vehicleCapable":true,"service":"IPCS","serviceEnabled":true},{"vehicleCapable":false,"service":"CALLMAN","serviceEnabled":false},{"vehicleCapable":true,"service":"PARENT","serviceEnabled":false},{"vehicleCapable":true,"service":"BCALL","serviceEnabled":true},{"vehicleCapable":false,"service":"ECALL","serviceEnabled":false},{"vehicleCapable":true,"service":"SVLAAPP","serviceEnabled":false},{"vehicleCapable":true,"service":"FOTA","serviceEnabled":false},{"vehicleCapable":true,"service":"NAV_OB_TRAFFIC","serviceEnabled":false},{"vehicleCapable":true,"service":"NAV_OB_WEATHER","serviceEnabled":false},{"vehicleCapable":true,"service":"NAV_OB_SPEED_CAMERA","serviceEnabled":false},{"vehicleCapable":true,"service":"NAV_OB_SEARCH","serviceEnabled":false},{"vehicleCapable":true,"service":"PHEV","serviceEnabled":false},{"vehicleCapable":false,"service":"NAV_OB_FUEL_FINDER","serviceEnabled":false},{"vehicleCapable":false,"service":"NAV_OB_PARKING_FINDER","serviceEnabled":false},{"vehicleCapable":true,"service":"VHS","serviceEnabled":false},{"vehicleCapable":true,"service":"CSL","serviceEnabled":false},{"vehicleCapable":false,"service":"EVNOT","serviceEnabled":false},{"vehicleCapable":true,"service":"CPPLUS","serviceEnabled":false},{"vehicleCapable":false,"service":"CNOW","serviceEnabled":false},{"vehicleCapable":true,"service":"DEEPREFRESH","serviceEnabled":false},{"vehicleCapable":false,"service":"CHRGSETTING","serviceEnabled":false},{"vehicleCapable":false,"service":"NAV_OB_ROUTE_DRM","serviceEnabled":false},{"vehicleCapable":false,"service":"SDV_DMN","serviceEnabled":false},{"vehicleCapable":false,"service":"NAVAUTH","serviceEnabled":false},{"vehicleCapable":false,"service":"ORP","serviceEnabled":false},{"vehicleCapable":false,"service":"COST9YP","serviceEnabled":false},{"vehicleCapable":false,"service":"COST9YT","serviceEnabled":false},{"vehicleCapable":false,"service":"COSTUGQ","serviceEnabled":false},{"vehicleCapable":false,"service":"COSTUGM","serviceEnabled":false},{"vehicleCapable":false,"service":"COSTUHN","serviceEnabled":false},{"vehicleCapable":false,"service":"COST07W","serviceEnabled":false},{"vehicleCapable":false,"service":"LASTMILE","serviceEnabled":false},{"vehicleCapable":true,"service":"DUMMY","serviceEnabled":true},{"vehicleCapable":false,"service":"NAV_OB_MOTA_WIFI","serviceEnabled":false},{"vehicleCapable":false,"service":"NAV_OB_MOTA_CELL","serviceEnabled":false},{"vehicleCapable":false,"service":"NAV_OB_MOTA_WIFI_CELL","serviceEnabled":false},{"vehicleCapable":false,"service":"ELECPAGES","serviceEnabled":false},{"vehicleCapable":false,"service":"WIFIP","serviceEnabled":false},{"vehicleCapable":false,"service":"ECOSERVICE","serviceEnabled":false},{"vehicleCapable":false,"service":"ALEXAVA","serviceEnabled":false},{"vehicleCapable":true,"service":"DASS","serviceEnabled":false},{"vehicleCapable":false,"service":"ECOCOACHINGR1","serviceEnabled":false},{"vehicleCapable":false,"service":"FLEET","serviceEnabled":false},{"vehicleCapable":false,"service":"MACMEDIAAPP","serviceEnabled":false},{"vehicleCapable":true,"service":"MYECHG","serviceEnabled":false},{"vehicleCapable":false,"service":"AOTACI","serviceEnabled":false},{"vehicleCapable":true,"service":"TA_SUP","serviceEnabled":false},{"vehicleCapable":false,"service":"SOSR1","serviceEnabled":false},{"vehicleCapable":false,"service":"ROPRECOND","serviceEnabled":false},{"vehicleCapable":false,"service":"EVROUT","serviceEnabled":false},{"vehicleCapable":false,"service":"CSL_NAV","serviceEnabled":false},{"vehicleCapable":false,"service":"MYCAR","serviceEnabled":false},{"vehicleCapable":false,"service":"G25CALL","serviceEnabled":false},{"vehicleCapable":false,"service":"ROC2","serviceEnabled":false},{"vehicleCapable":false,"service":"ADA_TBM","serviceEnabled":false},{"vehicleCapable":false,"service":"ECALLONLY","serviceEnabled":false},{"vehicleCapable":false,"service":"COST2PZ","serviceEnabled":false},{"vehicleCapable":false,"service":"TPPAGES","serviceEnabled":false},{"vehicleCapable":false,"service":"COSTUHL","serviceEnabled":false},{"vehicleCapable":false,"service":"COST1GK","serviceEnabled":false},{"vehicleCapable":false,"service":"CPA","serviceEnabled":false},{"vehicleCapable":false,"service":"TRIPREPORT","serviceEnabled":false},{"vehicleCapable":false,"service":"ADA_RADIOUSAGE","serviceEnabled":false},{"vehicleCapable":false,"service":"SVC_SCHEDULE","serviceEnabled":false},{"vehicleCapable":false,"service":"SVC_STATUS","serviceEnabled":false},{"vehicleCapable":false,"service":"ADA_FTD","serviceEnabled":false},{"vehicleCapable":false,"service":"ADA_HU","serviceEnabled":false},{"vehicleCapable":false,"service":"ADA_UBI","serviceEnabled":false},{"vehicleCapable":false,"service":"ADA_SQDF","serviceEnabled":false},{"vehicleCapable":false,"service":"ROTRUNKUNLOCK","serviceEnabled":false},{"vehicleCapable":true,"service":"ROCLRPERSDATA","serviceEnabled":true},{"vehicleCapable":false,"service":"RVS","serviceEnabled":false},{"vehicleCapable":false,"service":"ECOCOACHING20","serviceEnabled":false},{"vehicleCapable":false,"service":"FLEETENROLL","serviceEnabled":false},{"vehicleCapable":false,"service":"MOTA_MONTH","serviceEnabled":false},{"vehicleCapable":false,"service":"MOTA_TRIP","serviceEnabled":false},{"vehicleCapable":false,"service":"MOTA_CELL","serviceEnabled":false},{"vehicleCapable":false,"service":"MOTA_WIFI","serviceEnabled":false},{"vehicleCapable":false,"service":"TUTORIALS","serviceEnabled":false},{"vehicleCapable":false,"service":"ASOSBT","serviceEnabled":false},{"vehicleCapable":false,"service":"BRAND","serviceEnabled":false},{"vehicleCapable":false,"service":"BRANDBT","serviceEnabled":false},{"vehicleCapable":false,"service":"CARE","serviceEnabled":false},{"vehicleCapable":false,"service":"CAREBT","serviceEnabled":false},{"vehicleCapable":false,"service":"CCSEV","serviceEnabled":false},{"vehicleCapable":false,"service":"EVROUT1","serviceEnabled":false},{"vehicleCapable":true,"service":"NAV_OB_ROUTE_DRM15","serviceEnabled":false},{"vehicleCapable":false,"service":"ROAD","serviceEnabled":false},{"vehicleCapable":false,"service":"ROADBT","serviceEnabled":false},{"vehicleCapable":false,"service":"ROPRECOND_OFF","serviceEnabled":false},{"vehicleCapable":false,"service":"CPCHRG2","serviceEnabled":false},{"vehicleCapable":true,"service":"KIRIPHEV","serviceEnabled":false},{"vehicleCapable":false,"service":"ORPPLUS","serviceEnabled":false},{"vehicleCapable":false,"service":"PHEVON","serviceEnabled":false},{"vehicleCapable":false,"service":"CSEV","serviceEnabled":false},{"vehicleCapable":false,"service":"NFT","serviceEnabled":false},{"vehicleCapable":false,"service":"CPPLUSBEV","serviceEnabled":false},{"vehicleCapable":true,"service":"DUMMY2","serviceEnabled":false},{"vehicleCapable":true,"service":"SLI","serviceEnabled":true},{"vehicleCapable":false,"service":"NAV_OB_ROUTE_DRM20","serviceEnabled":false},{"vehicleCapable":true,"service":"DUMMY4","serviceEnabled":false},{"vehicleCapable":false,"service":"MYENT","serviceEnabled":false},{"vehicleCapable":false,"service":"INCARNAVADS","serviceEnabled":false},{"vehicleCapable":false,"service":"ADA_X250_DOORSSTS","serviceEnabled":false},{"vehicleCapable":false,"service":"ADA_X250_THERMCOND","serviceEnabled":false},{"vehicleCapable":false,"service":"ADA_X250_REMLEV","serviceEnabled":false},{"vehicleCapable":false,"service":"ADA_X250_PRIVACY","serviceEnabled":false},{"vehicleCapable":false,"service":"ADA_X250_GENSTS","serviceEnabled":false},{"vehicleCapable":false,"service":"ADA_X250_CRASHSTS","serviceEnabled":false},{"vehicleCapable":false,"service":"ADA_X250_MAINTSTS","serviceEnabled":false},{"vehicleCapable":false,"service":"ADA_X250_LOCATION","serviceEnabled":false},{"vehicleCapable":false,"service":"ADA_X250_QUALITY_ICE","serviceEnabled":false},{"vehicleCapable":false,"service":"ADA_X250_QUALITY_BEV","serviceEnabled":false},{"vehicleCapable":false,"service":"ADA_X250_USAGESTS","serviceEnabled":false},{"vehicleCapable":false,"service":"ADA_X250_ALTMEDIUM","serviceEnabled":false},{"vehicleCapable":false,"service":"ADA_X250_JDA","serviceEnabled":false},{"vehicleCapable":false,"service":"ADA_X250_ADAS","serviceEnabled":false},{"vehicleCapable":false,"service":"ADA_X250_OBFCM","serviceEnabled":false},{"vehicleCapable":false,"service":"DUMMY319APP","serviceEnabled":false},{"vehicleCapable":false,"service":"ADA_PLUS","serviceEnabled":false},{"vehicleCapable":false,"service":"IVWW","serviceEnabled":false},{"vehicleCapable":false,"service":"DUMMY3","serviceEnabled":false}],"enrollmentStatus":"COMPLETE","channelFeatures":[],"privacyMode":"INACTIVE","tc":{"activation":{"status":"Accepted","version":"us1.0.1"},"registration":{"status":"Accepted","version":"1.0.1"}},"cslProvider":"F2M"}]}
2026-02-19 08:23:03.399 DEBUG (SyncWorker_3) [py_uconnect] get_vehicle (1C4JJXR66MW811502): {"vehicleInfo":{"totalRangeADA":null,"distanceUnit":"km","odometer":{"odometer":{"value":"34919","unit":"km"}},"daysToService":"null","hvbatSOH":null,"fuel":{"fuelAmountLevel":26,"isFuelLevelLow":false,"distanceToEmpty":{"value":"180","unit":"km"},"fuelAmount":{"value":"18.0","unit":"l"}},"oilLevel":{"oilLevel":96},"tyrePressure":[{"warning":false,"pressure":{"value":"268.905","unit":"kPa"},"type":"FL","status":"NORMAL"},{"warning":false,"pressure":{"value":"268.905","unit":"kPa"},"type":"FR","status":"NORMAL"},{"warning":false,"pressure":{"value":"268.905","unit":"kPa"},"type":"RL","status":"NORMAL"},{"warning":false,"pressure":{"value":"275.79999999999995","unit":"kPa"},"type":"RR","status":"NORMAL"}],"batteryInfo":{"highVoltageBatterylevel":null,"batteryStateOfChargeEnhanced":null,"eventType":null,"batteryStatus":"0","batteryVoltage":{"value":"14.5","unit":"volts"},"batteryStateOfCharge":"null"},"tripsInfo":{"trips":[{"totalElectricDistance":{"value":"428.4","unit":"km"},"name":"TripA","totalDistance":{"value":"734","unit":"km"},"energyUsed":{"value":"12","unit":"kmpl"},"averageEnergyUsed":{"value":"12","unit":"kmpl"},"totalHybridDistance":{"value":"306.3","unit":"km"}},{"totalElectricDistance":{"value":"428.4","unit":"km"},"name":"TripB","totalDistance":{"value":"734","unit":"km"},"energyUsed":{"value":"12","unit":"kmpl"},"averageEnergyUsed":{"value":"12","unit":"kmpl"},"totalHybridDistance":{"value":"306.3","unit":"km"}}]},"batPwrUsageDisp":null,"estRange":null,"distanceToService":{"distanceToService":{"value":"null","unit":"km"}},"wheelCount":4,"hvacPwrUsageDisp":null,"mtrPwrUsageDisp":null,"tpmsvehicle":false,"isTPMSVehicle":false,"HVBatSOH":null,"timestamp":1771482004885},"evInfo":{"battery":{"distanceToEmpty":null,"totalRange":180,"stateOfCharge":null},"timestamp":1771482004885},"timestamp":1771482004885}
2026-02-19 08:23:03.402 ERROR (MainThread) [uconnect] Initial data fetch failed: 'NoneType' object is not subscriptable
2026-02-19 08:23:03.402 ERROR (MainThread) [uconnect] Unexpected error fetching uconnect data
Traceback (most recent call last):
  File "/usr/src/homeassistant/homeassistant/helpers/update_coordinator.py", line 416, in _async_refresh
    self.data = await self._async_update_data()
                ^^^^^^^^^^^^^^^^^^^^^^^^^^^^^^^
  File "/config/custom_components/uconnect/coordinator.py", line 78, in _async_update_data
    await self.hass.async_add_executor_job(self.client.refresh)
  File "/usr/local/lib/python3.13/concurrent/futures/thread.py", line 59, in run
    result = self.fn(*self.args, **self.kwargs)
  File "/usr/local/lib/python3.13/site-packages/py_uconnect/client.py", line 290, in refresh
    _update_vehicle(vehicle, info)
    ~~~~~~~~~~~~~~~^^^^^^^^^^^^^^^
  File "/usr/local/lib/python3.13/site-packages/py_uconnect/client.py", line 179, in _update_vehicle
    v.distance_to_empty = sg(batt, "distanceToEmpty", "value") or sg(
                          ~~^^^^^^^^^^^^^^^^^^^^^^^^^^^^^^^^^^
  File "/usr/local/lib/python3.13/site-packages/py_uconnect/client.py", line 36, in sg
    dct = dct[key]
          ~~~^^^^^
TypeError: 'NoneType' object is not subscriptable
2026-02-19 08:23:03.409 DEBUG (MainThread) [uconnect] Finished fetching uconnect data in 4.041 seconds (success: False)
2026-02-19 08:23:12.669 ERROR (MainThread) [uconnect] Initial data fetch failed: 'NoneType' object is not subscriptable
2026-02-19 08:23:12.670 ERROR (MainThread) [uconnect] Unexpected error fetching uconnect data
Traceback (most recent call last):
  File "/usr/src/homeassistant/homeassistant/helpers/update_coordinator.py", line 416, in _async_refresh
    self.data = await self._async_update_data()
                ^^^^^^^^^^^^^^^^^^^^^^^^^^^^^^^
  File "/config/custom_components/uconnect/coordinator.py", line 78, in _async_update_data
    await self.hass.async_add_executor_job(self.client.refresh)
  File "/usr/local/lib/python3.13/concurrent/futures/thread.py", line 59, in run
    result = self.fn(*self.args, **self.kwargs)
  File "/usr/local/lib/python3.13/site-packages/py_uconnect/client.py", line 290, in refresh
    _update_vehicle(vehicle, info)
    ~~~~~~~~~~~~~~~^^^^^^^^^^^^^^^
  File "/usr/local/lib/python3.13/site-packages/py_uconnect/client.py", line 179, in _update_vehicle
    v.distance_to_empty = sg(batt, "distanceToEmpty", "value") or sg(
                          ~~^^^^^^^^^^^^^^^^^^^^^^^^^^^^^^^^^^
  File "/usr/local/lib/python3.13/site-packages/py_uconnect/client.py", line 36, in sg
    dct = dct[key]
          ~~~^^^^^
TypeError: 'NoneType' object is not subscriptable
